"2019-11-29 10:55:45 - Starting EmailApplication on stuakbwks11 with PID 13768 (C:\Projects\target\classes started by y.kulpin in C:\Projects)
""2019-11-29 10:55:45 - The following profiles are active: dev
""2019-11-29 10:55:45 - Refreshing org.springframework.boot.web.servlet.context.AnnotationConfigServletWebServerApplicationContext@333d4a8c: startup date [Fri Nov 29 10:55:45 EET 2019]; root of context hierarchy
""2019-11-29 10:55:46 - Bean 'org.springframework.transaction.annotation.ProxyTransactionManagementConfiguration' of type [org.springframework.transaction.annotation.ProxyTransactionManagementConfiguration$$EnhancerBySpringCGLIB$$79e540c3] is not eligible for getting processed by all BeanPostProcessors (for example: not eligible for auto-proxying)
""2019-11-29 10:55:46 - Tomcat initialized with port(s): 8025 (http)
""2019-11-29 10:55:46 - Starting service [Tomcat]
""2019-11-29 10:55:46 - Starting Servlet Engine: Apache Tomcat/8.5.34
""2019-11-29 10:55:46 - The APR based Apache Tomcat Native library which allows optimal performance in production environments was not found on the java.library.path: [C:\Program Files\Java\jdk-13\bin;C:\WINDOWS\Sun\Java\bin;C:\WINDOWS\system32;C:\WINDOWS;C:\Program Files (x86)\Common Files\Oracle\Java\javapath;C:\WINDOWS\system32;C:\WINDOWS;C:\WINDOWS\System32\Wbem;C:\WINDOWS\System32\WindowsPowerShell\v1.0\;C:\WINDOWS\System32\OpenSSH\;C:\Program Files\nodejs\;C:\Users\y.kulpin\AppData\Local\Microsoft\WindowsApps;C:\Users\y.kulpin\AppData\Local\Programs\Git\cmd;C:\Users\y.kulpin\AppData\Local\JetBrains\WebStorm 2019.2.1\bin;C:\Users\y.kulpin\AppData\Local\JetBrains\IntelliJ IDEA 2019.2.1\bin;C:\Users\y.kulpin\AppData\Local\JetBrains\PhpStorm 2019.2.1\bin;C:\Users\y.kulpin\AppData\Local\GitHubDesktop\bin;C:\Users\y.kulpin\AppData\Local\JetBrains\PhpStorm 2019.2.2\bin;;P:\JetBrains\IntelliJ IDEA\bin;;.]
""2019-11-29 10:55:47 - Initializing Spring embedded WebApplicationContext
""2019-11-29 10:55:47 - Root WebApplicationContext: initialization completed in 1708 ms
""2019-11-29 10:55:47 - Servlet dispatcherServlet mapped to [/]
""2019-11-29 10:55:47 - Servlet webServlet mapped to [/h2/*]
""2019-11-29 10:55:47 - Mapping filter: 'characterEncodingFilter' to: [/*]
""2019-11-29 10:55:47 - Mapping filter: 'hiddenHttpMethodFilter' to: [/*]
""2019-11-29 10:55:47 - Mapping filter: 'httpPutFormContentFilter' to: [/*]
""2019-11-29 10:55:47 - Mapping filter: 'requestContextFilter' to: [/*]
""2019-11-29 10:55:47 - HikariPool-1 - Starting...
""2019-11-29 10:55:47 - HikariPool-1 - Start completed.
""2019-11-29 10:55:47 - Building JPA container EntityManagerFactory for persistence unit 'default'
""2019-11-29 10:55:47 - HHH000204: Processing PersistenceUnitInfo [
	name: default
	...]
""2019-11-29 10:55:47 - HHH000412: Hibernate Core {5.2.17.Final}
""2019-11-29 10:55:47 - HHH000206: hibernate.properties not found
""2019-11-29 10:55:47 - HCANN000001: Hibernate Commons Annotations {5.0.1.Final}
""2019-11-29 10:55:47 - HHH000400: Using dialect: org.hibernate.dialect.H2Dialect
""2019-11-29 10:55:48 - Initialized JPA EntityManagerFactory for persistence unit 'default'
""2019-11-29 10:55:48 - Mapped URL path [/**/favicon.ico] onto handler of type [class org.springframework.web.servlet.resource.ResourceHttpRequestHandler]
""2019-11-29 10:55:49 - Looking for @ControllerAdvice: org.springframework.boot.web.servlet.context.AnnotationConfigServletWebServerApplicationContext@333d4a8c: startup date [Fri Nov 29 10:55:45 EET 2019]; root of context hierarchy
""2019-11-29 10:55:49 - spring.jpa.open-in-view is enabled by default. Therefore, database queries may be performed during view rendering. Explicitly configure spring.jpa.open-in-view to disable this warning
""2019-11-29 10:55:49 - Mapped "{[/email/delete/{id}],methods=[POST]}" onto public org.springframework.http.ResponseEntity<com.stollerukraine.email.domain.Email> com.stollerukraine.email.controller.EmailController.delete(long)
""2019-11-29 10:55:49 - Mapped "{[/email/sandedFrom/{from}],methods=[GET]}" onto public java.util.List<com.stollerukraine.email.domain.Email> com.stollerukraine.email.controller.EmailController.all(java.lang.String)
""2019-11-29 10:55:49 - Mapped "{[/email/sand],methods=[POST]}" onto public org.springframework.http.ResponseEntity<com.stollerukraine.email.domain.Email> com.stollerukraine.email.controller.EmailController.send(java.lang.String,java.lang.String,java.lang.String,java.lang.String)
""2019-11-29 10:55:49 - Mapped "{[/email/sandedTo/{to}],methods=[GET]}" onto public java.util.List<com.stollerukraine.email.domain.Email> com.stollerukraine.email.controller.EmailController.allTo(java.lang.String)
""2019-11-29 10:55:49 - Mapped "{[/email],methods=[GET]}" onto public java.lang.String com.stollerukraine.email.controller.MainController.main(org.springframework.ui.Model)
""2019-11-29 10:55:49 - Mapped "{[/error]}" onto public org.springframework.http.ResponseEntity<java.util.Map<java.lang.String, java.lang.Object>> org.springframework.boot.autoconfigure.web.servlet.error.BasicErrorController.error(javax.servlet.http.HttpServletRequest)
""2019-11-29 10:55:49 - Mapped "{[/error],produces=[text/html]}" onto public org.springframework.web.servlet.ModelAndView org.springframework.boot.autoconfigure.web.servlet.error.BasicErrorController.errorHtml(javax.servlet.http.HttpServletRequest,javax.servlet.http.HttpServletResponse)
""2019-11-29 10:55:49 - Mapped URL path [/webjars/**] onto handler of type [class org.springframework.web.servlet.resource.ResourceHttpRequestHandler]
""2019-11-29 10:55:49 - Mapped URL path [/**] onto handler of type [class org.springframework.web.servlet.resource.ResourceHttpRequestHandler]
""2019-11-29 10:55:49 - Adding welcome page template: index
""2019-11-29 10:55:49 - Registering beans for JMX exposure on startup
""2019-11-29 10:55:49 - Bean with name 'dataSource' has been autodetected for JMX exposure
""2019-11-29 10:55:49 - Located MBean 'dataSource': registering with JMX server as MBean [com.zaxxer.hikari:name=dataSource,type=HikariDataSource]
""2019-11-29 10:55:49 - Tomcat started on port(s): 8025 (http) with context path ''
""2019-11-29 10:55:49 - Started EmailApplication in 4.665 seconds (JVM running for 10.547)
""2019-11-29 11:14:29 - Starting EmailApplication on stuakbwks11 with PID 564 (C:\Projects\target\classes started by y.kulpin in C:\Projects)
""2019-11-29 11:14:29 - The following profiles are active: dev
""2019-11-29 11:14:29 - Refreshing org.springframework.boot.web.servlet.context.AnnotationConfigServletWebServerApplicationContext@3feb2dda: startup date [Fri Nov 29 11:14:29 EET 2019]; root of context hierarchy
""2019-11-29 11:14:30 - Bean 'org.springframework.transaction.annotation.ProxyTransactionManagementConfiguration' of type [org.springframework.transaction.annotation.ProxyTransactionManagementConfiguration$$EnhancerBySpringCGLIB$$eb041e5e] is not eligible for getting processed by all BeanPostProcessors (for example: not eligible for auto-proxying)
""2019-11-29 11:14:30 - Tomcat initialized with port(s): 8025 (http)
""2019-11-29 11:14:31 - Starting service [Tomcat]
""2019-11-29 11:14:31 - Starting Servlet Engine: Apache Tomcat/8.5.34
""2019-11-29 11:14:31 - The APR based Apache Tomcat Native library which allows optimal performance in production environments was not found on the java.library.path: [C:\Program Files\Java\jdk-13\bin;C:\WINDOWS\Sun\Java\bin;C:\WINDOWS\system32;C:\WINDOWS;C:\Program Files (x86)\Common Files\Oracle\Java\javapath;C:\WINDOWS\system32;C:\WINDOWS;C:\WINDOWS\System32\Wbem;C:\WINDOWS\System32\WindowsPowerShell\v1.0\;C:\WINDOWS\System32\OpenSSH\;C:\Program Files\nodejs\;C:\Users\y.kulpin\AppData\Local\Microsoft\WindowsApps;C:\Users\y.kulpin\AppData\Local\Programs\Git\cmd;C:\Users\y.kulpin\AppData\Local\JetBrains\WebStorm 2019.2.1\bin;C:\Users\y.kulpin\AppData\Local\JetBrains\IntelliJ IDEA 2019.2.1\bin;C:\Users\y.kulpin\AppData\Local\JetBrains\PhpStorm 2019.2.1\bin;C:\Users\y.kulpin\AppData\Local\GitHubDesktop\bin;C:\Users\y.kulpin\AppData\Local\JetBrains\PhpStorm 2019.2.2\bin;;P:\JetBrains\IntelliJ IDEA\bin;;.]
""2019-11-29 11:14:31 - Initializing Spring embedded WebApplicationContext
""2019-11-29 11:14:31 - Root WebApplicationContext: initialization completed in 2127 ms
""2019-11-29 11:14:31 - Servlet dispatcherServlet mapped to [/]
""2019-11-29 11:14:31 - Servlet webServlet mapped to [/h2/*]
""2019-11-29 11:14:31 - Mapping filter: 'characterEncodingFilter' to: [/*]
""2019-11-29 11:14:31 - Mapping filter: 'hiddenHttpMethodFilter' to: [/*]
""2019-11-29 11:14:31 - Mapping filter: 'httpPutFormContentFilter' to: [/*]
""2019-11-29 11:14:31 - Mapping filter: 'requestContextFilter' to: [/*]
""2019-11-29 11:14:31 - HikariPool-1 - Starting...
""2019-11-29 11:14:31 - HikariPool-1 - Start completed.
""2019-11-29 11:14:31 - Building JPA container EntityManagerFactory for persistence unit 'default'
""2019-11-29 11:14:31 - HHH000204: Processing PersistenceUnitInfo [
	name: default
	...]
""2019-11-29 11:14:31 - HHH000412: Hibernate Core {5.2.17.Final}
""2019-11-29 11:14:31 - HHH000206: hibernate.properties not found
""2019-11-29 11:14:31 - HCANN000001: Hibernate Commons Annotations {5.0.1.Final}
""2019-11-29 11:14:32 - HHH000400: Using dialect: org.hibernate.dialect.H2Dialect
""2019-11-29 11:14:32 - Initialized JPA EntityManagerFactory for persistence unit 'default'
""2019-11-29 11:14:33 - Mapped URL path [/**/favicon.ico] onto handler of type [class org.springframework.web.servlet.resource.ResourceHttpRequestHandler]
""2019-11-29 11:14:33 - Looking for @ControllerAdvice: org.springframework.boot.web.servlet.context.AnnotationConfigServletWebServerApplicationContext@3feb2dda: startup date [Fri Nov 29 11:14:29 EET 2019]; root of context hierarchy
""2019-11-29 11:14:33 - spring.jpa.open-in-view is enabled by default. Therefore, database queries may be performed during view rendering. Explicitly configure spring.jpa.open-in-view to disable this warning
""2019-11-29 11:14:33 - Mapped "{[/email/delete],methods=[DELETE]}" onto public org.springframework.http.ResponseEntity<com.stollerukraine.email.domain.Email> com.stollerukraine.email.controller.EmailController.delete(long)
""2019-11-29 11:14:33 - Mapped "{[/email/sandedFrom/{from}],methods=[GET]}" onto public java.util.List<com.stollerukraine.email.domain.Email> com.stollerukraine.email.controller.EmailController.all(java.lang.String)
""2019-11-29 11:14:33 - Mapped "{[/email/sand],methods=[POST]}" onto public org.springframework.http.ResponseEntity<com.stollerukraine.email.domain.Email> com.stollerukraine.email.controller.EmailController.send(java.lang.String,java.lang.String,java.lang.String,java.lang.String)
""2019-11-29 11:14:33 - Mapped "{[/email/sandedTo/{to}],methods=[GET]}" onto public java.util.List<com.stollerukraine.email.domain.Email> com.stollerukraine.email.controller.EmailController.allTo(java.lang.String)
""2019-11-29 11:14:33 - Mapped "{[/email],methods=[GET]}" onto public java.lang.String com.stollerukraine.email.controller.MainController.main(org.springframework.ui.Model)
""2019-11-29 11:14:33 - Mapped "{[/error]}" onto public org.springframework.http.ResponseEntity<java.util.Map<java.lang.String, java.lang.Object>> org.springframework.boot.autoconfigure.web.servlet.error.BasicErrorController.error(javax.servlet.http.HttpServletRequest)
""2019-11-29 11:14:33 - Mapped "{[/error],produces=[text/html]}" onto public org.springframework.web.servlet.ModelAndView org.springframework.boot.autoconfigure.web.servlet.error.BasicErrorController.errorHtml(javax.servlet.http.HttpServletRequest,javax.servlet.http.HttpServletResponse)
""2019-11-29 11:14:33 - Mapped URL path [/webjars/**] onto handler of type [class org.springframework.web.servlet.resource.ResourceHttpRequestHandler]
""2019-11-29 11:14:33 - Mapped URL path [/**] onto handler of type [class org.springframework.web.servlet.resource.ResourceHttpRequestHandler]
""2019-11-29 11:14:33 - Adding welcome page template: index
""2019-11-29 11:14:34 - Registering beans for JMX exposure on startup
""2019-11-29 11:14:34 - Bean with name 'dataSource' has been autodetected for JMX exposure
""2019-11-29 11:14:34 - Located MBean 'dataSource': registering with JMX server as MBean [com.zaxxer.hikari:name=dataSource,type=HikariDataSource]
""2019-11-29 11:14:34 - Tomcat started on port(s): 8025 (http) with context path ''
""2019-11-29 11:14:34 - Started EmailApplication in 5.922 seconds (JVM running for 7.663)
""2019-11-29 11:14:55 - Initializing Spring FrameworkServlet 'dispatcherServlet'
""2019-11-29 11:14:55 - FrameworkServlet 'dispatcherServlet': initialization started
""2019-11-29 11:14:56 - FrameworkServlet 'dispatcherServlet': initialization completed in 22 ms
""2019-11-29 11:14:59 - /sanded
""2019-11-29 11:14:59 - ? from = y.kulpin@stollerukraine.com
""2019-11-29 11:14:59 - Searching emails from : y.kulpin@stollerukraine.com
""2019-11-29 11:14:59 - HHH000397: Using ASTQueryTranslatorFactory
""2019-11-29 11:15:03 - /delete?id=124
""2019-11-29 11:15:03 - Deleting email with id : 124
""2019-11-29 11:50:58 - Starting EmailApplication on stuakbwks11 with PID 12472 (C:\Projects\target\classes started by y.kulpin in C:\Projects)
""2019-11-29 11:50:58 - The following profiles are active: dev
""2019-11-29 11:50:58 - Refreshing org.springframework.boot.web.servlet.context.AnnotationConfigServletWebServerApplicationContext@50378a4: startup date [Fri Nov 29 11:50:58 EET 2019]; root of context hierarchy
""2019-11-29 11:50:59 - Bean 'org.springframework.transaction.annotation.ProxyTransactionManagementConfiguration' of type [org.springframework.transaction.annotation.ProxyTransactionManagementConfiguration$$EnhancerBySpringCGLIB$$15124f8] is not eligible for getting processed by all BeanPostProcessors (for example: not eligible for auto-proxying)
""2019-11-29 11:51:00 - Tomcat initialized with port(s): 8025 (http)
""2019-11-29 11:51:00 - Starting service [Tomcat]
""2019-11-29 11:51:00 - Starting Servlet Engine: Apache Tomcat/8.5.34
""2019-11-29 11:51:00 - The APR based Apache Tomcat Native library which allows optimal performance in production environments was not found on the java.library.path: [C:\Program Files\Java\jdk-13\bin;C:\WINDOWS\Sun\Java\bin;C:\WINDOWS\system32;C:\WINDOWS;C:\Program Files (x86)\Common Files\Oracle\Java\javapath;C:\WINDOWS\system32;C:\WINDOWS;C:\WINDOWS\System32\Wbem;C:\WINDOWS\System32\WindowsPowerShell\v1.0\;C:\WINDOWS\System32\OpenSSH\;C:\Program Files\nodejs\;C:\Users\y.kulpin\AppData\Local\Microsoft\WindowsApps;C:\Users\y.kulpin\AppData\Local\Programs\Git\cmd;C:\Users\y.kulpin\AppData\Local\JetBrains\WebStorm 2019.2.1\bin;C:\Users\y.kulpin\AppData\Local\JetBrains\IntelliJ IDEA 2019.2.1\bin;C:\Users\y.kulpin\AppData\Local\JetBrains\PhpStorm 2019.2.1\bin;C:\Users\y.kulpin\AppData\Local\GitHubDesktop\bin;C:\Users\y.kulpin\AppData\Local\JetBrains\PhpStorm 2019.2.2\bin;;P:\JetBrains\IntelliJ IDEA\bin;;.]
""2019-11-29 11:51:00 - Initializing Spring embedded WebApplicationContext
""2019-11-29 11:51:00 - Root WebApplicationContext: initialization completed in 1307 ms
""2019-11-29 11:51:00 - Servlet dispatcherServlet mapped to [/]
""2019-11-29 11:51:00 - Servlet webServlet mapped to [/h2/*]
""2019-11-29 11:51:00 - Mapping filter: 'characterEncodingFilter' to: [/*]
""2019-11-29 11:51:00 - Mapping filter: 'hiddenHttpMethodFilter' to: [/*]
""2019-11-29 11:51:00 - Mapping filter: 'httpPutFormContentFilter' to: [/*]
""2019-11-29 11:51:00 - Mapping filter: 'requestContextFilter' to: [/*]
""2019-11-29 11:51:00 - HikariPool-1 - Starting...
""2019-11-29 11:51:00 - HikariPool-1 - Start completed.
""2019-11-29 11:51:00 - Building JPA container EntityManagerFactory for persistence unit 'default'
""2019-11-29 11:51:00 - HHH000204: Processing PersistenceUnitInfo [
	name: default
	...]
""2019-11-29 11:51:00 - HHH000412: Hibernate Core {5.2.17.Final}
""2019-11-29 11:51:00 - HHH000206: hibernate.properties not found
""2019-11-29 11:51:00 - HCANN000001: Hibernate Commons Annotations {5.0.1.Final}
""2019-11-29 11:51:00 - HHH000400: Using dialect: org.hibernate.dialect.H2Dialect
""2019-11-29 11:51:01 - Initialized JPA EntityManagerFactory for persistence unit 'default'
""2019-11-29 11:51:01 - Mapped URL path [/**/favicon.ico] onto handler of type [class org.springframework.web.servlet.resource.ResourceHttpRequestHandler]
""2019-11-29 11:51:01 - Looking for @ControllerAdvice: org.springframework.boot.web.servlet.context.AnnotationConfigServletWebServerApplicationContext@50378a4: startup date [Fri Nov 29 11:50:58 EET 2019]; root of context hierarchy
""2019-11-29 11:51:01 - spring.jpa.open-in-view is enabled by default. Therefore, database queries may be performed during view rendering. Explicitly configure spring.jpa.open-in-view to disable this warning
""2019-11-29 11:51:01 - Mapped "{[/email/delete],methods=[DELETE]}" onto public org.springframework.http.ResponseEntity<com.stollerukraine.email.domain.Email> com.stollerukraine.email.controller.EmailController.delete(long)
""2019-11-29 11:51:01 - Mapped "{[/email/sandedFrom],methods=[GET]}" onto public java.util.List<com.stollerukraine.email.domain.Email> com.stollerukraine.email.controller.EmailController.all(java.lang.String)
""2019-11-29 11:51:01 - Mapped "{[/email/sand],methods=[POST]}" onto public org.springframework.http.ResponseEntity<com.stollerukraine.email.domain.Email> com.stollerukraine.email.controller.EmailController.send(java.lang.String,java.lang.String,java.lang.String,java.lang.String)
""2019-11-29 11:51:01 - Mapped "{[/email/sandedTo],methods=[GET]}" onto public java.util.List<com.stollerukraine.email.domain.Email> com.stollerukraine.email.controller.EmailController.allTo(java.lang.String)
""2019-11-29 11:51:01 - Mapped "{[/email],methods=[GET]}" onto public java.lang.String com.stollerukraine.email.controller.MainController.main(org.springframework.ui.Model)
""2019-11-29 11:51:01 - Mapped "{[/error]}" onto public org.springframework.http.ResponseEntity<java.util.Map<java.lang.String, java.lang.Object>> org.springframework.boot.autoconfigure.web.servlet.error.BasicErrorController.error(javax.servlet.http.HttpServletRequest)
""2019-11-29 11:51:01 - Mapped "{[/error],produces=[text/html]}" onto public org.springframework.web.servlet.ModelAndView org.springframework.boot.autoconfigure.web.servlet.error.BasicErrorController.errorHtml(javax.servlet.http.HttpServletRequest,javax.servlet.http.HttpServletResponse)
""2019-11-29 11:51:01 - Mapped URL path [/webjars/**] onto handler of type [class org.springframework.web.servlet.resource.ResourceHttpRequestHandler]
""2019-11-29 11:51:01 - Mapped URL path [/**] onto handler of type [class org.springframework.web.servlet.resource.ResourceHttpRequestHandler]
""2019-11-29 11:51:01 - Adding welcome page template: index
""2019-11-29 11:51:01 - Registering beans for JMX exposure on startup
""2019-11-29 11:51:01 - Bean with name 'dataSource' has been autodetected for JMX exposure
""2019-11-29 11:51:01 - Located MBean 'dataSource': registering with JMX server as MBean [com.zaxxer.hikari:name=dataSource,type=HikariDataSource]
""2019-11-29 11:51:02 - Tomcat started on port(s): 8025 (http) with context path ''
""2019-11-29 11:51:02 - Started EmailApplication in 3.571 seconds (JVM running for 4.457)
""2019-11-29 11:51:24 - Initializing Spring FrameworkServlet 'dispatcherServlet'
""2019-11-29 11:51:24 - FrameworkServlet 'dispatcherServlet': initialization started
""2019-11-29 11:51:24 - FrameworkServlet 'dispatcherServlet': initialization completed in 18 ms
""2019-11-29 11:51:45 - Error parsing HTTP request header
 Note: further occurrences of HTTP header parsing errors will be logged at DEBUG level.
"java.lang.IllegalArgumentException: Invalid character found in the request target. The valid characters are defined in RFC 7230 and RFC 3986
	at org.apache.coyote.http11.Http11InputBuffer.parseRequestLine(Http11InputBuffer.java:479)
	at org.apache.coyote.http11.Http11Processor.service(Http11Processor.java:684)
	at org.apache.coyote.AbstractProcessorLight.process(AbstractProcessorLight.java:66)
	at org.apache.coyote.AbstractProtocol$ConnectionHandler.process(AbstractProtocol.java:806)
	at org.apache.tomcat.util.net.NioEndpoint$SocketProcessor.doRun(NioEndpoint.java:1498)
	at org.apache.tomcat.util.net.SocketProcessorBase.run(SocketProcessorBase.java:49)
	at java.base/java.util.concurrent.ThreadPoolExecutor.runWorker(ThreadPoolExecutor.java:1128)
	at java.base/java.util.concurrent.ThreadPoolExecutor$Worker.run(ThreadPoolExecutor.java:628)
	at org.apache.tomcat.util.threads.TaskThread$WrappingRunnable.run(TaskThread.java:61)
	at java.base/java.lang.Thread.run(Thread.java:830)
"2019-11-29 11:53:06 - /email/sand
""2019-11-29 11:53:06 - ? from = y.kulpin@strollerukraine.com
""2019-11-29 11:53:06 - & to = y.kulpin@strollerukraine.com
""2019-11-29 11:53:06 - & title = asdasd
""2019-11-29 11:53:06 - & content = asdasdasd
""2019-11-29 11:53:06 - Sending email ...
""2019-11-29 11:53:06 - from : y.kulpin@strollerukraine.com
""2019-11-29 11:53:06 - to : y.kulpin@strollerukraine.com
""2019-11-29 11:53:06 - title : asdasd
""2019-11-29 11:53:06 - content : asdasdasd
""2019-11-29 11:53:09 - Saving email : Email(id=0, title=asdasd, content=asdasdasd, sendingDate=Fri Nov 29 11:53:06 EET 2019, from=y.kulpin@strollerukraine.com, to=y.kulpin@strollerukraine.com, status=SANDED)
""2019-11-29 11:53:09 - Email sending success
""2019-11-29 11:54:04 - /email/sand
""2019-11-29 11:54:04 - ? from = y.kulpin@strollerukraine.com
""2019-11-29 11:54:04 - & to = y.kulpin@strollerukraine.com
""2019-11-29 11:54:04 - & title = asdasd12424~!
""2019-11-29 11:54:04 - & content = asdasdasd`12
3
1`23`132
""2019-11-29 11:54:04 - Sending email ...
""2019-11-29 11:54:04 - from : y.kulpin@strollerukraine.com
""2019-11-29 11:54:04 - to : y.kulpin@strollerukraine.com
""2019-11-29 11:54:04 - title : asdasd12424~!
""2019-11-29 11:54:04 - content : asdasdasd`12
3
1`23`132
""2019-11-29 11:54:06 - Saving email : Email(id=0, title=asdasd12424~!, content=asdasdasd`12
3
1`23`132, sendingDate=Fri Nov 29 11:54:04 EET 2019, from=y.kulpin@strollerukraine.com, to=y.kulpin@strollerukraine.com, status=SANDED)
""2019-11-29 11:54:06 - Email sending success
""2019-11-29 11:54:12 - /sanded
""2019-11-29 11:54:12 - ? from = y.kulpin@stollerukraine.com
""2019-11-29 11:54:12 - Searching emails from : y.kulpin@stollerukraine.com
""2019-11-29 11:54:12 - HHH000397: Using ASTQueryTranslatorFactory
""2019-11-29 11:54:27 - /sanded
""2019-11-29 11:54:27 - ? from = y.kulpin@stollerukraine.com
""2019-11-29 11:54:27 - Searching emails from : y.kulpin@stollerukraine.com
""2019-11-29 11:55:23 - /sanded
""2019-11-29 11:55:23 - ? from = y.kulpin@stollerukraine.com
""2019-11-29 11:55:23 - Searching emails from : y.kulpin@stollerukraine.com
""2019-11-29 11:55:29 - /delete?id=70
""2019-11-29 11:55:29 - Deleting email with id : 70
""2019-11-29 11:55:29 - /delete?id=129
""2019-11-29 11:55:29 - Deleting email with id : 129
""2019-11-29 11:55:29 - /delete?id=130
""2019-11-29 11:55:29 - Deleting email with id : 130
""2019-11-29 11:55:29 - /delete?id=131
""2019-11-29 11:55:29 - Deleting email with id : 131
""2019-11-29 11:55:44 - /email/sand
""2019-11-29 11:55:44 - ? from = y.kulpin@strollerukraine.com
""2019-11-29 11:55:44 - & to = y.kulpin@strollerukraine.com
""2019-11-29 11:55:44 - & title = 123
""2019-11-29 11:55:44 - & content = 123`121`3
""2019-11-29 11:55:44 - Sending email ...
""2019-11-29 11:55:44 - from : y.kulpin@strollerukraine.com
""2019-11-29 11:55:44 - to : y.kulpin@strollerukraine.com
""2019-11-29 11:55:44 - title : 123
""2019-11-29 11:55:44 - content : 123`121`3
""2019-11-29 11:55:46 - /sanded
""2019-11-29 11:55:46 - ? from = y.kulpin@stollerukraine.com
""2019-11-29 11:55:46 - Searching emails from : y.kulpin@stollerukraine.com
""2019-11-29 11:55:46 - Saving email : Email(id=0, title=123, content=123`121`3, sendingDate=Fri Nov 29 11:55:44 EET 2019, from=y.kulpin@strollerukraine.com, to=y.kulpin@strollerukraine.com, status=SANDED)
""2019-11-29 11:55:46 - Email sending success
""2019-11-29 11:55:49 - /sanded
""2019-11-29 11:55:49 - ? from = y.kulpin@stollerukraine.com
""2019-11-29 11:55:49 - Searching emails from : y.kulpin@stollerukraine.com
""2019-11-29 11:55:56 - /sanded
""2019-11-29 11:55:56 - ? from = y.kulpin@stollerukraine.com
""2019-11-29 11:55:56 - Searching emails from : y.kulpin@stollerukraine.com
""2019-11-29 11:56:27 - /email/sand
""2019-11-29 11:56:27 - ? from = y.kulpin@strollerukraine.com
""2019-11-29 11:56:27 - & to = y.kulpin@strollerukraine.com
""2019-11-29 11:56:27 - & title = asd
""2019-11-29 11:56:27 - & content = asd
""2019-11-29 11:56:27 - Sending email ...
""2019-11-29 11:56:27 - from : y.kulpin@strollerukraine.com
""2019-11-29 11:56:27 - to : y.kulpin@strollerukraine.com
""2019-11-29 11:56:27 - title : asd
""2019-11-29 11:56:27 - content : asd
""2019-11-29 11:56:28 - Saving email : Email(id=0, title=asd, content=asd, sendingDate=Fri Nov 29 11:56:27 EET 2019, from=y.kulpin@strollerukraine.com, to=y.kulpin@strollerukraine.com, status=SANDED)
""2019-11-29 11:56:28 - Email sending success
""2019-11-29 11:56:29 - /sanded
""2019-11-29 11:56:29 - ? from = y.kulpin@stollerukraine.com
""2019-11-29 11:56:29 - Searching emails from : y.kulpin@stollerukraine.com
""2019-11-29 11:56:32 - /sanded
""2019-11-29 11:56:32 - ? from = y.kulpin@stollerukraine.com
""2019-11-29 11:56:32 - Searching emails from : y.kulpin@stollerukraine.com
""2019-11-29 11:56:58 - Starting EmailApplication on stuakbwks11 with PID 1156 (C:\Projects\target\classes started by y.kulpin in C:\Projects)
""2019-11-29 11:56:58 - The following profiles are active: dev
""2019-11-29 11:56:58 - Refreshing org.springframework.boot.web.servlet.context.AnnotationConfigServletWebServerApplicationContext@50378a4: startup date [Fri Nov 29 11:56:58 EET 2019]; root of context hierarchy
""2019-11-29 11:57:00 - Bean 'org.springframework.transaction.annotation.ProxyTransactionManagementConfiguration' of type [org.springframework.transaction.annotation.ProxyTransactionManagementConfiguration$$EnhancerBySpringCGLIB$$15124f8] is not eligible for getting processed by all BeanPostProcessors (for example: not eligible for auto-proxying)
""2019-11-29 11:57:00 - Tomcat initialized with port(s): 8025 (http)
""2019-11-29 11:57:00 - Starting service [Tomcat]
""2019-11-29 11:57:00 - Starting Servlet Engine: Apache Tomcat/8.5.34
""2019-11-29 11:57:00 - The APR based Apache Tomcat Native library which allows optimal performance in production environments was not found on the java.library.path: [C:\Program Files\Java\jdk-13\bin;C:\WINDOWS\Sun\Java\bin;C:\WINDOWS\system32;C:\WINDOWS;C:\Program Files (x86)\Common Files\Oracle\Java\javapath;C:\WINDOWS\system32;C:\WINDOWS;C:\WINDOWS\System32\Wbem;C:\WINDOWS\System32\WindowsPowerShell\v1.0\;C:\WINDOWS\System32\OpenSSH\;C:\Program Files\nodejs\;C:\Users\y.kulpin\AppData\Local\Microsoft\WindowsApps;C:\Users\y.kulpin\AppData\Local\Programs\Git\cmd;C:\Users\y.kulpin\AppData\Local\JetBrains\WebStorm 2019.2.1\bin;C:\Users\y.kulpin\AppData\Local\JetBrains\IntelliJ IDEA 2019.2.1\bin;C:\Users\y.kulpin\AppData\Local\JetBrains\PhpStorm 2019.2.1\bin;C:\Users\y.kulpin\AppData\Local\GitHubDesktop\bin;C:\Users\y.kulpin\AppData\Local\JetBrains\PhpStorm 2019.2.2\bin;;P:\JetBrains\IntelliJ IDEA\bin;;.]
""2019-11-29 11:57:00 - Initializing Spring embedded WebApplicationContext
""2019-11-29 11:57:00 - Root WebApplicationContext: initialization completed in 1705 ms
""2019-11-29 11:57:00 - Servlet dispatcherServlet mapped to [/]
""2019-11-29 11:57:00 - Servlet webServlet mapped to [/h2/*]
""2019-11-29 11:57:00 - Mapping filter: 'characterEncodingFilter' to: [/*]
""2019-11-29 11:57:00 - Mapping filter: 'hiddenHttpMethodFilter' to: [/*]
""2019-11-29 11:57:00 - Mapping filter: 'httpPutFormContentFilter' to: [/*]
""2019-11-29 11:57:00 - Mapping filter: 'requestContextFilter' to: [/*]
""2019-11-29 11:57:00 - HikariPool-1 - Starting...
""2019-11-29 11:57:00 - HikariPool-1 - Start completed.
""2019-11-29 11:57:01 - Building JPA container EntityManagerFactory for persistence unit 'default'
""2019-11-29 11:57:01 - HHH000204: Processing PersistenceUnitInfo [
	name: default
	...]
""2019-11-29 11:57:01 - HHH000412: Hibernate Core {5.2.17.Final}
""2019-11-29 11:57:01 - HHH000206: hibernate.properties not found
""2019-11-29 11:57:01 - HCANN000001: Hibernate Commons Annotations {5.0.1.Final}
""2019-11-29 11:57:01 - HHH000400: Using dialect: org.hibernate.dialect.H2Dialect
""2019-11-29 11:57:01 - Initialized JPA EntityManagerFactory for persistence unit 'default'
""2019-11-29 11:57:02 - Mapped URL path [/**/favicon.ico] onto handler of type [class org.springframework.web.servlet.resource.ResourceHttpRequestHandler]
""2019-11-29 11:57:02 - Looking for @ControllerAdvice: org.springframework.boot.web.servlet.context.AnnotationConfigServletWebServerApplicationContext@50378a4: startup date [Fri Nov 29 11:56:58 EET 2019]; root of context hierarchy
""2019-11-29 11:57:02 - spring.jpa.open-in-view is enabled by default. Therefore, database queries may be performed during view rendering. Explicitly configure spring.jpa.open-in-view to disable this warning
""2019-11-29 11:57:02 - Mapped "{[/email/delete],methods=[DELETE]}" onto public org.springframework.http.ResponseEntity<com.stollerukraine.email.domain.Email> com.stollerukraine.email.controller.EmailController.delete(long)
""2019-11-29 11:57:02 - Mapped "{[/email/sandedFrom],methods=[GET]}" onto public java.util.List<com.stollerukraine.email.domain.Email> com.stollerukraine.email.controller.EmailController.all(java.lang.String)
""2019-11-29 11:57:02 - Mapped "{[/email/sand],methods=[POST]}" onto public org.springframework.http.ResponseEntity<com.stollerukraine.email.domain.Email> com.stollerukraine.email.controller.EmailController.send(java.lang.String,java.lang.String,java.lang.String,java.lang.String)
""2019-11-29 11:57:02 - Mapped "{[/email/sandedTo],methods=[GET]}" onto public java.util.List<com.stollerukraine.email.domain.Email> com.stollerukraine.email.controller.EmailController.allTo(java.lang.String)
""2019-11-29 11:57:02 - Mapped "{[/email],methods=[GET]}" onto public java.lang.String com.stollerukraine.email.controller.MainController.main(org.springframework.ui.Model)
""2019-11-29 11:57:02 - Mapped "{[/error]}" onto public org.springframework.http.ResponseEntity<java.util.Map<java.lang.String, java.lang.Object>> org.springframework.boot.autoconfigure.web.servlet.error.BasicErrorController.error(javax.servlet.http.HttpServletRequest)
""2019-11-29 11:57:02 - Mapped "{[/error],produces=[text/html]}" onto public org.springframework.web.servlet.ModelAndView org.springframework.boot.autoconfigure.web.servlet.error.BasicErrorController.errorHtml(javax.servlet.http.HttpServletRequest,javax.servlet.http.HttpServletResponse)
""2019-11-29 11:57:02 - Mapped URL path [/webjars/**] onto handler of type [class org.springframework.web.servlet.resource.ResourceHttpRequestHandler]
""2019-11-29 11:57:02 - Mapped URL path [/**] onto handler of type [class org.springframework.web.servlet.resource.ResourceHttpRequestHandler]
""2019-11-29 11:57:02 - Adding welcome page template: index
""2019-11-29 11:57:02 - Registering beans for JMX exposure on startup
""2019-11-29 11:57:02 - Bean with name 'dataSource' has been autodetected for JMX exposure
""2019-11-29 11:57:02 - Located MBean 'dataSource': registering with JMX server as MBean [com.zaxxer.hikari:name=dataSource,type=HikariDataSource]
""2019-11-29 11:57:03 - Tomcat started on port(s): 8025 (http) with context path ''
""2019-11-29 11:57:03 - Started EmailApplication in 4.601 seconds (JVM running for 5.465)
""2019-11-29 11:57:09 - Initializing Spring FrameworkServlet 'dispatcherServlet'
""2019-11-29 11:57:09 - FrameworkServlet 'dispatcherServlet': initialization started
""2019-11-29 11:57:09 - FrameworkServlet 'dispatcherServlet': initialization completed in 19 ms
""2019-11-29 11:57:09 - /email/sand
""2019-11-29 11:57:09 - ? from = y.kulpin@strollerukraine.com
""2019-11-29 11:57:09 - & to = y.kulpin@strollerukraine.com
""2019-11-29 11:57:09 - & title = sad
""2019-11-29 11:57:09 - & content = asd
""2019-11-29 11:57:09 - Sending email ...
""2019-11-29 11:57:09 - from : y.kulpin@strollerukraine.com
""2019-11-29 11:57:09 - to : y.kulpin@strollerukraine.com
""2019-11-29 11:57:09 - title : sad
""2019-11-29 11:57:09 - content : asd
""2019-11-29 11:57:11 - /sanded
""2019-11-29 11:57:11 - ? from = y.kulpin@stollerukraine.com
""2019-11-29 11:57:11 - Searching emails from : y.kulpin@stollerukraine.com
""2019-11-29 11:57:11 - HHH000397: Using ASTQueryTranslatorFactory
""2019-11-29 11:57:11 - Saving email : Email(id=0, title=sad, content=asd, sendingDate=Fri Nov 29 11:57:09 EET 2019, from=y.kulpin@strollerukraine.com, to=y.kulpin@strollerukraine.com, status=SANDED)
""2019-11-29 11:57:11 - Email sending success
""2019-11-29 11:57:14 - /sanded
""2019-11-29 11:57:14 - ? from = y.kulpin@stollerukraine.com
""2019-11-29 11:57:14 - Searching emails from : y.kulpin@stollerukraine.com
""2019-11-29 11:58:16 - Starting EmailApplication on stuakbwks11 with PID 7020 (C:\Projects\target\classes started by y.kulpin in C:\Projects)
""2019-11-29 11:58:16 - The following profiles are active: dev
""2019-11-29 11:58:16 - Refreshing org.springframework.boot.web.servlet.context.AnnotationConfigServletWebServerApplicationContext@333d4a8c: startup date [Fri Nov 29 11:58:16 EET 2019]; root of context hierarchy
""2019-11-29 11:58:17 - Bean 'org.springframework.transaction.annotation.ProxyTransactionManagementConfiguration' of type [org.springframework.transaction.annotation.ProxyTransactionManagementConfiguration$$EnhancerBySpringCGLIB$$a389996d] is not eligible for getting processed by all BeanPostProcessors (for example: not eligible for auto-proxying)
""2019-11-29 11:58:17 - Tomcat initialized with port(s): 8025 (http)
""2019-11-29 11:58:17 - Starting service [Tomcat]
""2019-11-29 11:58:17 - Starting Servlet Engine: Apache Tomcat/8.5.34
""2019-11-29 11:58:17 - The APR based Apache Tomcat Native library which allows optimal performance in production environments was not found on the java.library.path: [C:\Program Files\Java\jdk-13\bin;C:\WINDOWS\Sun\Java\bin;C:\WINDOWS\system32;C:\WINDOWS;C:\Program Files (x86)\Common Files\Oracle\Java\javapath;C:\WINDOWS\system32;C:\WINDOWS;C:\WINDOWS\System32\Wbem;C:\WINDOWS\System32\WindowsPowerShell\v1.0\;C:\WINDOWS\System32\OpenSSH\;C:\Program Files\nodejs\;C:\Users\y.kulpin\AppData\Local\Microsoft\WindowsApps;C:\Users\y.kulpin\AppData\Local\Programs\Git\cmd;C:\Users\y.kulpin\AppData\Local\JetBrains\WebStorm 2019.2.1\bin;C:\Users\y.kulpin\AppData\Local\JetBrains\IntelliJ IDEA 2019.2.1\bin;C:\Users\y.kulpin\AppData\Local\JetBrains\PhpStorm 2019.2.1\bin;C:\Users\y.kulpin\AppData\Local\GitHubDesktop\bin;C:\Users\y.kulpin\AppData\Local\JetBrains\PhpStorm 2019.2.2\bin;;P:\JetBrains\IntelliJ IDEA\bin;;.]
""2019-11-29 11:58:17 - Initializing Spring embedded WebApplicationContext
""2019-11-29 11:58:17 - Root WebApplicationContext: initialization completed in 1627 ms
""2019-11-29 11:58:18 - Servlet dispatcherServlet mapped to [/]
""2019-11-29 11:58:18 - Servlet webServlet mapped to [/h2/*]
""2019-11-29 11:58:18 - Mapping filter: 'characterEncodingFilter' to: [/*]
""2019-11-29 11:58:18 - Mapping filter: 'hiddenHttpMethodFilter' to: [/*]
""2019-11-29 11:58:18 - Mapping filter: 'httpPutFormContentFilter' to: [/*]
""2019-11-29 11:58:18 - Mapping filter: 'requestContextFilter' to: [/*]
""2019-11-29 11:58:18 - HikariPool-1 - Starting...
""2019-11-29 11:58:18 - HikariPool-1 - Start completed.
""2019-11-29 11:58:18 - Building JPA container EntityManagerFactory for persistence unit 'default'
""2019-11-29 11:58:18 - HHH000204: Processing PersistenceUnitInfo [
	name: default
	...]
""2019-11-29 11:58:18 - HHH000412: Hibernate Core {5.2.17.Final}
""2019-11-29 11:58:18 - HHH000206: hibernate.properties not found
""2019-11-29 11:58:18 - HCANN000001: Hibernate Commons Annotations {5.0.1.Final}
""2019-11-29 11:58:18 - HHH000400: Using dialect: org.hibernate.dialect.H2Dialect
""2019-11-29 11:58:19 - Initialized JPA EntityManagerFactory for persistence unit 'default'
""2019-11-29 11:58:19 - Mapped URL path [/**/favicon.ico] onto handler of type [class org.springframework.web.servlet.resource.ResourceHttpRequestHandler]
""2019-11-29 11:58:19 - Looking for @ControllerAdvice: org.springframework.boot.web.servlet.context.AnnotationConfigServletWebServerApplicationContext@333d4a8c: startup date [Fri Nov 29 11:58:16 EET 2019]; root of context hierarchy
""2019-11-29 11:58:19 - spring.jpa.open-in-view is enabled by default. Therefore, database queries may be performed during view rendering. Explicitly configure spring.jpa.open-in-view to disable this warning
""2019-11-29 11:58:19 - Mapped "{[/email/delete],methods=[DELETE]}" onto public org.springframework.http.ResponseEntity<com.stollerukraine.email.domain.Email> com.stollerukraine.email.controller.EmailController.delete(long)
""2019-11-29 11:58:19 - Mapped "{[/email/sandedFrom],methods=[GET]}" onto public java.util.List<com.stollerukraine.email.domain.Email> com.stollerukraine.email.controller.EmailController.all(java.lang.String)
""2019-11-29 11:58:19 - Mapped "{[/email/sand],methods=[POST]}" onto public org.springframework.http.ResponseEntity<com.stollerukraine.email.domain.Email> com.stollerukraine.email.controller.EmailController.send(java.lang.String,java.lang.String,java.lang.String,java.lang.String)
""2019-11-29 11:58:19 - Mapped "{[/email/sandedTo],methods=[GET]}" onto public java.util.List<com.stollerukraine.email.domain.Email> com.stollerukraine.email.controller.EmailController.allTo(java.lang.String)
""2019-11-29 11:58:19 - Mapped "{[/email],methods=[GET]}" onto public java.lang.String com.stollerukraine.email.controller.MainController.main(org.springframework.ui.Model)
""2019-11-29 11:58:19 - Mapped "{[/error]}" onto public org.springframework.http.ResponseEntity<java.util.Map<java.lang.String, java.lang.Object>> org.springframework.boot.autoconfigure.web.servlet.error.BasicErrorController.error(javax.servlet.http.HttpServletRequest)
""2019-11-29 11:58:19 - Mapped "{[/error],produces=[text/html]}" onto public org.springframework.web.servlet.ModelAndView org.springframework.boot.autoconfigure.web.servlet.error.BasicErrorController.errorHtml(javax.servlet.http.HttpServletRequest,javax.servlet.http.HttpServletResponse)
""2019-11-29 11:58:19 - Mapped URL path [/webjars/**] onto handler of type [class org.springframework.web.servlet.resource.ResourceHttpRequestHandler]
""2019-11-29 11:58:19 - Mapped URL path [/**] onto handler of type [class org.springframework.web.servlet.resource.ResourceHttpRequestHandler]
""2019-11-29 11:58:19 - Adding welcome page template: index
""2019-11-29 11:58:19 - Registering beans for JMX exposure on startup
""2019-11-29 11:58:19 - Bean with name 'dataSource' has been autodetected for JMX exposure
""2019-11-29 11:58:19 - Located MBean 'dataSource': registering with JMX server as MBean [com.zaxxer.hikari:name=dataSource,type=HikariDataSource]
""2019-11-29 11:58:20 - Tomcat started on port(s): 8025 (http) with context path ''
""2019-11-29 11:58:20 - Started EmailApplication in 4.165 seconds (JVM running for 5.232)
""2019-11-29 11:58:24 - Initializing Spring FrameworkServlet 'dispatcherServlet'
""2019-11-29 11:58:24 - FrameworkServlet 'dispatcherServlet': initialization started
""2019-11-29 11:58:24 - FrameworkServlet 'dispatcherServlet': initialization completed in 22 ms
""2019-11-29 11:58:25 - /sanded
""2019-11-29 11:58:25 - ? from = y.kulpin@stollerukraine.com
""2019-11-29 11:58:25 - Searching emails from : y.kulpin@stollerukraine.com
""2019-11-29 11:58:25 - HHH000397: Using ASTQueryTranslatorFactory
""2019-11-29 11:58:25 - []
""2019-11-29 11:58:25 - Searching emails from : y.kulpin@stollerukraine.com
""2019-11-29 11:58:47 - /email/sand
""2019-11-29 11:58:47 - ? from = y.kulpin@stollerukraine.com
""2019-11-29 11:58:47 - & to = y.kulpin@stollerukraine.com
""2019-11-29 11:58:47 - & title = ads
""2019-11-29 11:58:47 - & content = sadf
""2019-11-29 11:58:47 - Sending email ...
""2019-11-29 11:58:47 - from : y.kulpin@stollerukraine.com
""2019-11-29 11:58:47 - to : y.kulpin@stollerukraine.com
""2019-11-29 11:58:47 - title : ads
""2019-11-29 11:58:47 - content : sadf
""2019-11-29 11:58:49 - Saving email : Email(id=0, title=ads, content=sadf, sendingDate=Fri Nov 29 11:58:47 EET 2019, from=y.kulpin@stollerukraine.com, to=y.kulpin@stollerukraine.com, status=SANDED)
""2019-11-29 11:58:49 - Email sending success
""2019-11-29 11:58:49 - /sanded
""2019-11-29 11:58:49 - ? from = y.kulpin@stollerukraine.com
""2019-11-29 11:58:49 - Searching emails from : y.kulpin@stollerukraine.com
""2019-11-29 11:58:49 - [Email(id=225, title=ads, content=sadf, sendingDate=2019-11-29 11:58:47.66, from=y.kulpin@stollerukraine.com, to=y.kulpin@stollerukraine.com, status=SANDED)]
""2019-11-29 11:58:49 - Searching emails from : y.kulpin@stollerukraine.com
""2019-11-29 11:59:12 - /email/sand
""2019-11-29 11:59:12 - ? from = y.kulpin@stollerukraine.com
""2019-11-29 11:59:12 - & to = y.kulpin@stollerukraine.com
""2019-11-29 11:59:12 - & title = 13
""2019-11-29 11:59:12 - & content = awedasdaga
sf
sdg
z\s
h
swhre`1
""2019-11-29 11:59:12 - Sending email ...
""2019-11-29 11:59:12 - from : y.kulpin@stollerukraine.com
""2019-11-29 11:59:12 - to : y.kulpin@stollerukraine.com
""2019-11-29 11:59:12 - title : 13
""2019-11-29 11:59:12 - content : awedasdaga
sf
sdg
z\s
h
swhre`1
""2019-11-29 11:59:13 - Saving email : Email(id=0, title=13, content=awedasdaga
sf
sdg
z\s
h
swhre`1, sendingDate=Fri Nov 29 11:59:12 EET 2019, from=y.kulpin@stollerukraine.com, to=y.kulpin@stollerukraine.com, status=SANDED)
""2019-11-29 11:59:13 - Email sending success
""2019-11-29 11:59:13 - /sanded
""2019-11-29 11:59:13 - ? from = y.kulpin@stollerukraine.com
""2019-11-29 11:59:13 - Searching emails from : y.kulpin@stollerukraine.com
""2019-11-29 11:59:13 - [Email(id=225, title=ads, content=sadf, sendingDate=2019-11-29 11:58:47.66, from=y.kulpin@stollerukraine.com, to=y.kulpin@stollerukraine.com, status=SANDED), Email(id=226, title=13, content=awedasdaga
sf
sdg
z\s
h
swhre`1, sendingDate=2019-11-29 11:59:12.561, from=y.kulpin@stollerukraine.com, to=y.kulpin@stollerukraine.com, status=SANDED)]
""2019-11-29 11:59:13 - Searching emails from : y.kulpin@stollerukraine.com
""2019-11-29 11:59:59 - /email/sand
""2019-11-29 11:59:59 - ? from = y.kulpin@stollerukraine.com
""2019-11-29 11:59:59 - & to = y.kulpin@stollerukraine.com
""2019-11-29 11:59:59 - & title = asd
""2019-11-29 11:59:59 - & content = asd
""2019-11-29 11:59:59 - Sending email ...
""2019-11-29 11:59:59 - from : y.kulpin@stollerukraine.com
""2019-11-29 11:59:59 - to : y.kulpin@stollerukraine.com
""2019-11-29 11:59:59 - title : asd
""2019-11-29 11:59:59 - content : asd
""2019-11-29 12:00:00 - Saving email : Email(id=0, title=asd, content=asd, sendingDate=Fri Nov 29 11:59:59 EET 2019, from=y.kulpin@stollerukraine.com, to=y.kulpin@stollerukraine.com, status=SANDED)
""2019-11-29 12:00:00 - Email sending success
""2019-11-29 12:00:03 - /sanded
""2019-11-29 12:00:03 - ? from = y.kulpin@stollerukraine.com
""2019-11-29 12:00:03 - Searching emails from : y.kulpin@stollerukraine.com
""2019-11-29 12:00:03 - [Email(id=225, title=ads, content=sadf, sendingDate=2019-11-29 11:58:47.66, from=y.kulpin@stollerukraine.com, to=y.kulpin@stollerukraine.com, status=SANDED), Email(id=226, title=13, content=awedasdaga
sf
sdg
z\s
h
swhre`1, sendingDate=2019-11-29 11:59:12.561, from=y.kulpin@stollerukraine.com, to=y.kulpin@stollerukraine.com, status=SANDED), Email(id=227, title=asd, content=asd, sendingDate=2019-11-29 11:59:59.191, from=y.kulpin@stollerukraine.com, to=y.kulpin@stollerukraine.com, status=SANDED)]
""2019-11-29 12:00:03 - Searching emails from : y.kulpin@stollerukraine.com
""2019-11-29 13:46:35 - /sanded
""2019-11-29 13:46:35 - ? from = y.kulpin@stollerukraine.com
""2019-11-29 13:46:35 - Searching emails from : y.kulpin@stollerukraine.com
""2019-11-29 13:46:35 - [Email(id=225, title=ads, content=sadf, sendingDate=2019-11-29 11:58:47.66, from=y.kulpin@stollerukraine.com, to=y.kulpin@stollerukraine.com, status=SANDED), Email(id=226, title=13, content=awedasdaga
sf
sdg
z\s
h
swhre`1, sendingDate=2019-11-29 11:59:12.561, from=y.kulpin@stollerukraine.com, to=y.kulpin@stollerukraine.com, status=SANDED), Email(id=227, title=asd, content=asd, sendingDate=2019-11-29 11:59:59.191, from=y.kulpin@stollerukraine.com, to=y.kulpin@stollerukraine.com, status=SANDED)]
""2019-11-29 13:46:35 - Searching emails from : y.kulpin@stollerukraine.com
""2019-11-29 13:46:53 - /sanded
""2019-11-29 13:46:53 - ? from = y.kulpin@stollerukraine.com
""2019-11-29 13:46:53 - Searching emails from : y.kulpin@stollerukraine.com
""2019-11-29 13:46:53 - [Email(id=225, title=ads, content=sadf, sendingDate=2019-11-29 11:58:47.66, from=y.kulpin@stollerukraine.com, to=y.kulpin@stollerukraine.com, status=SANDED), Email(id=226, title=13, content=awedasdaga
sf
sdg
z\s
h
swhre`1, sendingDate=2019-11-29 11:59:12.561, from=y.kulpin@stollerukraine.com, to=y.kulpin@stollerukraine.com, status=SANDED), Email(id=227, title=asd, content=asd, sendingDate=2019-11-29 11:59:59.191, from=y.kulpin@stollerukraine.com, to=y.kulpin@stollerukraine.com, status=SANDED)]
""2019-11-29 13:46:53 - Searching emails from : y.kulpin@stollerukraine.com
""2019-11-29 13:49:48 - /sanded
""2019-11-29 13:49:48 - ? from = y.kulpin@stollerukraine.com
""2019-11-29 13:49:48 - Searching emails from : y.kulpin@stollerukraine.com
""2019-11-29 13:49:48 - [Email(id=225, title=ads, content=sadf, sendingDate=2019-11-29 11:58:47.66, from=y.kulpin@stollerukraine.com, to=y.kulpin@stollerukraine.com, status=SANDED), Email(id=226, title=13, content=awedasdaga
sf
sdg
z\s
h
swhre`1, sendingDate=2019-11-29 11:59:12.561, from=y.kulpin@stollerukraine.com, to=y.kulpin@stollerukraine.com, status=SANDED), Email(id=227, title=asd, content=asd, sendingDate=2019-11-29 11:59:59.191, from=y.kulpin@stollerukraine.com, to=y.kulpin@stollerukraine.com, status=SANDED)]
""2019-11-29 13:49:48 - Searching emails from : y.kulpin@stollerukraine.com
""2019-11-29 13:50:21 - /sanded
""2019-11-29 13:50:21 - ? from = y.kulpin@stollerukraine.com
""2019-11-29 13:50:21 - Searching emails from : y.kulpin@stollerukraine.com
""2019-11-29 13:50:21 - [Email(id=225, title=ads, content=sadf, sendingDate=2019-11-29 11:58:47.66, from=y.kulpin@stollerukraine.com, to=y.kulpin@stollerukraine.com, status=SANDED), Email(id=226, title=13, content=awedasdaga
sf
sdg
z\s
h
swhre`1, sendingDate=2019-11-29 11:59:12.561, from=y.kulpin@stollerukraine.com, to=y.kulpin@stollerukraine.com, status=SANDED), Email(id=227, title=asd, content=asd, sendingDate=2019-11-29 11:59:59.191, from=y.kulpin@stollerukraine.com, to=y.kulpin@stollerukraine.com, status=SANDED)]
""2019-11-29 13:50:21 - Searching emails from : y.kulpin@stollerukraine.com
""2019-11-29 13:53:52 - /sanded
""2019-11-29 13:53:52 - ? from = y.kulpin@stollerukraine.com
""2019-11-29 13:53:52 - Searching emails from : y.kulpin@stollerukraine.com
""2019-11-29 13:53:52 - [Email(id=225, title=ads, content=sadf, sendingDate=2019-11-29 11:58:47.66, from=y.kulpin@stollerukraine.com, to=y.kulpin@stollerukraine.com, status=SANDED), Email(id=226, title=13, content=awedasdaga
sf
sdg
z\s
h
swhre`1, sendingDate=2019-11-29 11:59:12.561, from=y.kulpin@stollerukraine.com, to=y.kulpin@stollerukraine.com, status=SANDED), Email(id=227, title=asd, content=asd, sendingDate=2019-11-29 11:59:59.191, from=y.kulpin@stollerukraine.com, to=y.kulpin@stollerukraine.com, status=SANDED)]
""2019-11-29 13:53:52 - Searching emails from : y.kulpin@stollerukraine.com
""2019-11-29 13:56:21 - /sanded
""2019-11-29 13:56:21 - ? from = y.kulpin@stollerukraine.com
""2019-11-29 13:56:21 - Searching emails from : y.kulpin@stollerukraine.com
""2019-11-29 13:56:21 - [Email(id=225, title=ads, content=sadf, sendingDate=2019-11-29 11:58:47.66, from=y.kulpin@stollerukraine.com, to=y.kulpin@stollerukraine.com, status=SANDED), Email(id=226, title=13, content=awedasdaga
sf
sdg
z\s
h
swhre`1, sendingDate=2019-11-29 11:59:12.561, from=y.kulpin@stollerukraine.com, to=y.kulpin@stollerukraine.com, status=SANDED), Email(id=227, title=asd, content=asd, sendingDate=2019-11-29 11:59:59.191, from=y.kulpin@stollerukraine.com, to=y.kulpin@stollerukraine.com, status=SANDED)]
""2019-11-29 13:56:21 - Searching emails from : y.kulpin@stollerukraine.com
""2019-11-29 14:16:27 - Starting EmailApplication on stuakbwks11 with PID 3764 (C:\Projects\target\classes started by y.kulpin in C:\Projects)
""2019-11-29 14:16:27 - The following profiles are active: dev
""2019-11-29 14:16:27 - Refreshing org.springframework.boot.web.servlet.context.AnnotationConfigServletWebServerApplicationContext@33ecda92: startup date [Fri Nov 29 14:16:27 EET 2019]; root of context hierarchy
""2019-11-29 14:16:28 - Bean 'org.springframework.transaction.annotation.ProxyTransactionManagementConfiguration' of type [org.springframework.transaction.annotation.ProxyTransactionManagementConfiguration$$EnhancerBySpringCGLIB$$515f29e9] is not eligible for getting processed by all BeanPostProcessors (for example: not eligible for auto-proxying)
""2019-11-29 14:16:28 - Tomcat initialized with port(s): 8025 (http)
""2019-11-29 14:16:28 - Starting service [Tomcat]
""2019-11-29 14:16:28 - Starting Servlet Engine: Apache Tomcat/8.5.34
""2019-11-29 14:16:28 - The APR based Apache Tomcat Native library which allows optimal performance in production environments was not found on the java.library.path: [C:\Program Files\Java\jdk-13\bin;C:\WINDOWS\Sun\Java\bin;C:\WINDOWS\system32;C:\WINDOWS;C:\Program Files (x86)\Common Files\Oracle\Java\javapath;C:\WINDOWS\system32;C:\WINDOWS;C:\WINDOWS\System32\Wbem;C:\WINDOWS\System32\WindowsPowerShell\v1.0\;C:\WINDOWS\System32\OpenSSH\;C:\Program Files\nodejs\;C:\Users\y.kulpin\AppData\Local\Microsoft\WindowsApps;C:\Users\y.kulpin\AppData\Local\Programs\Git\cmd;C:\Users\y.kulpin\AppData\Local\JetBrains\WebStorm 2019.2.1\bin;C:\Users\y.kulpin\AppData\Local\JetBrains\IntelliJ IDEA 2019.2.1\bin;C:\Users\y.kulpin\AppData\Local\JetBrains\PhpStorm 2019.2.1\bin;C:\Users\y.kulpin\AppData\Local\GitHubDesktop\bin;C:\Users\y.kulpin\AppData\Local\JetBrains\PhpStorm 2019.2.2\bin;;P:\JetBrains\IntelliJ IDEA\bin;;.]
""2019-11-29 14:16:29 - Initializing Spring embedded WebApplicationContext
""2019-11-29 14:16:29 - Root WebApplicationContext: initialization completed in 1295 ms
""2019-11-29 14:16:29 - Servlet dispatcherServlet mapped to [/]
""2019-11-29 14:16:29 - Servlet webServlet mapped to [/h2/*]
""2019-11-29 14:16:29 - Mapping filter: 'characterEncodingFilter' to: [/*]
""2019-11-29 14:16:29 - Mapping filter: 'hiddenHttpMethodFilter' to: [/*]
""2019-11-29 14:16:29 - Mapping filter: 'httpPutFormContentFilter' to: [/*]
""2019-11-29 14:16:29 - Mapping filter: 'requestContextFilter' to: [/*]
""2019-11-29 14:16:29 - HikariPool-1 - Starting...
""2019-11-29 14:16:29 - HikariPool-1 - Start completed.
""2019-11-29 14:16:29 - Building JPA container EntityManagerFactory for persistence unit 'default'
""2019-11-29 14:16:29 - HHH000204: Processing PersistenceUnitInfo [
	name: default
	...]
""2019-11-29 14:16:29 - HHH000412: Hibernate Core {5.2.17.Final}
""2019-11-29 14:16:29 - HHH000206: hibernate.properties not found
""2019-11-29 14:16:29 - HCANN000001: Hibernate Commons Annotations {5.0.1.Final}
""2019-11-29 14:16:29 - HHH000400: Using dialect: org.hibernate.dialect.H2Dialect
""2019-11-29 14:16:29 - Initialized JPA EntityManagerFactory for persistence unit 'default'
""2019-11-29 14:16:30 - Mapped URL path [/**/favicon.ico] onto handler of type [class org.springframework.web.servlet.resource.ResourceHttpRequestHandler]
""2019-11-29 14:16:30 - Looking for @ControllerAdvice: org.springframework.boot.web.servlet.context.AnnotationConfigServletWebServerApplicationContext@33ecda92: startup date [Fri Nov 29 14:16:27 EET 2019]; root of context hierarchy
""2019-11-29 14:16:30 - spring.jpa.open-in-view is enabled by default. Therefore, database queries may be performed during view rendering. Explicitly configure spring.jpa.open-in-view to disable this warning
""2019-11-29 14:16:30 - Mapped "{[/email/delete],methods=[DELETE]}" onto public org.springframework.http.ResponseEntity<com.stollerukraine.email.domain.Email> com.stollerukraine.email.controller.EmailController.delete(long)
""2019-11-29 14:16:30 - Mapped "{[/email/sandedFrom],methods=[GET]}" onto public java.util.List<com.stollerukraine.email.domain.Email> com.stollerukraine.email.controller.EmailController.all(java.lang.String)
""2019-11-29 14:16:30 - Mapped "{[/email/addresses],methods=[GET]}" onto public java.util.List<java.lang.String> com.stollerukraine.email.controller.EmailController.addresses()
""2019-11-29 14:16:30 - Mapped "{[/email/sand],methods=[POST]}" onto public org.springframework.http.ResponseEntity<com.stollerukraine.email.domain.Email> com.stollerukraine.email.controller.EmailController.send(java.lang.String,java.lang.String,java.lang.String,java.lang.String)
""2019-11-29 14:16:30 - Mapped "{[/email/sandedTo],methods=[GET]}" onto public java.util.List<com.stollerukraine.email.domain.Email> com.stollerukraine.email.controller.EmailController.allTo(java.lang.String)
""2019-11-29 14:16:30 - Mapped "{[/email],methods=[GET]}" onto public java.lang.String com.stollerukraine.email.controller.MainController.main(org.springframework.ui.Model)
""2019-11-29 14:16:30 - Mapped "{[/error]}" onto public org.springframework.http.ResponseEntity<java.util.Map<java.lang.String, java.lang.Object>> org.springframework.boot.autoconfigure.web.servlet.error.BasicErrorController.error(javax.servlet.http.HttpServletRequest)
""2019-11-29 14:16:30 - Mapped "{[/error],produces=[text/html]}" onto public org.springframework.web.servlet.ModelAndView org.springframework.boot.autoconfigure.web.servlet.error.BasicErrorController.errorHtml(javax.servlet.http.HttpServletRequest,javax.servlet.http.HttpServletResponse)
""2019-11-29 14:16:30 - Mapped URL path [/webjars/**] onto handler of type [class org.springframework.web.servlet.resource.ResourceHttpRequestHandler]
""2019-11-29 14:16:30 - Mapped URL path [/**] onto handler of type [class org.springframework.web.servlet.resource.ResourceHttpRequestHandler]
""2019-11-29 14:16:30 - Adding welcome page template: index
""2019-11-29 14:16:30 - Registering beans for JMX exposure on startup
""2019-11-29 14:16:30 - Bean with name 'dataSource' has been autodetected for JMX exposure
""2019-11-29 14:16:30 - Located MBean 'dataSource': registering with JMX server as MBean [com.zaxxer.hikari:name=dataSource,type=HikariDataSource]
""2019-11-29 14:16:30 - Tomcat started on port(s): 8025 (http) with context path ''
""2019-11-29 14:16:30 - Started EmailApplication in 3.556 seconds (JVM running for 9.218)
""2019-11-29 14:17:33 - Initializing Spring FrameworkServlet 'dispatcherServlet'
""2019-11-29 14:17:33 - FrameworkServlet 'dispatcherServlet': initialization started
""2019-11-29 14:17:33 - FrameworkServlet 'dispatcherServlet': initialization completed in 20 ms
""2019-11-29 14:29:44 - Error parsing HTTP request header
 Note: further occurrences of HTTP header parsing errors will be logged at DEBUG level.
"java.lang.IllegalArgumentException: Invalid character found in the request target. The valid characters are defined in RFC 7230 and RFC 3986
	at org.apache.coyote.http11.Http11InputBuffer.parseRequestLine(Http11InputBuffer.java:479)
	at org.apache.coyote.http11.Http11Processor.service(Http11Processor.java:684)
	at org.apache.coyote.AbstractProcessorLight.process(AbstractProcessorLight.java:66)
	at org.apache.coyote.AbstractProtocol$ConnectionHandler.process(AbstractProtocol.java:806)
	at org.apache.tomcat.util.net.NioEndpoint$SocketProcessor.doRun(NioEndpoint.java:1498)
	at org.apache.tomcat.util.net.SocketProcessorBase.run(SocketProcessorBase.java:49)
	at java.base/java.util.concurrent.ThreadPoolExecutor.runWorker(ThreadPoolExecutor.java:1128)
	at java.base/java.util.concurrent.ThreadPoolExecutor$Worker.run(ThreadPoolExecutor.java:628)
	at org.apache.tomcat.util.threads.TaskThread$WrappingRunnable.run(TaskThread.java:61)
	at java.base/java.lang.Thread.run(Thread.java:830)
"2019-11-29 14:30:58 - /email/sand
""2019-11-29 14:30:58 - ? from = y.kulpin@stollerukraine.com
""2019-11-29 14:30:58 - & to = y.kulpin@stollerukraine.com
""2019-11-29 14:30:58 - & title = sadasd
""2019-11-29 14:30:58 - & content = asd
asd
asd
a
s
as
d
as
das
d
asd
a
ds
afa
sf
sa
ge
w
egwe
r
2
3r
w
rge
awh

ea
j
je5

a5j

q453u
q
q34
wt
r
""2019-11-29 14:30:58 - Sending email ...
""2019-11-29 14:30:58 - from : y.kulpin@stollerukraine.com
""2019-11-29 14:30:58 - to : y.kulpin@stollerukraine.com
""2019-11-29 14:30:58 - title : sadasd
""2019-11-29 14:30:58 - content : asd
asd
asd
a
s
as
d
as
das
d
asd
a
ds
afa
sf
sa
ge
w
egwe
r
2
3r
w
rge
awh

ea
j
je5

a5j

q453u
q
q34
wt
r
""2019-11-29 14:31:00 - Saving email : Email(id=0, title=sadasd, content=asd
asd
asd
a
s
as
d
as
das
d
asd
a
ds
afa
sf
sa
ge
w
egwe
r
2
3r
w
rge
awh

ea
j
je5

a5j

q453u
q
q34
wt
r, sendingDate=Fri Nov 29 14:30:58 EET 2019, from=y.kulpin@stollerukraine.com, to=y.kulpin@stollerukraine.com, status=SANDED)
""2019-11-29 14:31:00 - Email sending success
""2019-11-29 14:31:08 - /sanded
""2019-11-29 14:31:08 - ? from = y.kulpin@stollerukraine.com
""2019-11-29 14:31:08 - Searching emails from : y.kulpin@stollerukraine.com
""2019-11-29 14:31:08 - HHH000397: Using ASTQueryTranslatorFactory
""2019-11-29 14:31:08 - [Email(id=225, title=ads, content=sadf, sendingDate=2019-11-29 11:58:47.66, from=y.kulpin@stollerukraine.com, to=y.kulpin@stollerukraine.com, status=SANDED), Email(id=226, title=13, content=awedasdaga
sf
sdg
z\s
h
swhre`1, sendingDate=2019-11-29 11:59:12.561, from=y.kulpin@stollerukraine.com, to=y.kulpin@stollerukraine.com, status=SANDED), Email(id=227, title=asd, content=asd, sendingDate=2019-11-29 11:59:59.191, from=y.kulpin@stollerukraine.com, to=y.kulpin@stollerukraine.com, status=SANDED), Email(id=257, title=sadasd, content=asd
asd
asd
a
s
as
d
as
das
d
asd
a
ds
afa
sf
sa
ge
w
egwe
r
2
3r
w
rge
awh

ea
j
je5

a5j

q453u
q
q34
wt
r, sendingDate=2019-11-29 14:30:58.602, from=y.kulpin@stollerukraine.com, to=y.kulpin@stollerukraine.com, status=SANDED)]
""2019-11-29 14:31:08 - Searching emails from : y.kulpin@stollerukraine.com
""2019-11-29 15:24:25 - Starting EmailApplication on stuakbwks11 with PID 10124 (C:\Projects\target\classes started by y.kulpin in C:\Projects)
""2019-11-29 15:24:25 - The following profiles are active: dev
""2019-11-29 15:24:25 - Refreshing org.springframework.boot.web.servlet.context.AnnotationConfigServletWebServerApplicationContext@7857fe2: startup date [Fri Nov 29 15:24:25 EET 2019]; root of context hierarchy
""2019-11-29 15:24:26 - Bean 'org.springframework.transaction.annotation.ProxyTransactionManagementConfiguration' of type [org.springframework.transaction.annotation.ProxyTransactionManagementConfiguration$$EnhancerBySpringCGLIB$$2e458d21] is not eligible for getting processed by all BeanPostProcessors (for example: not eligible for auto-proxying)
""2019-11-29 15:24:27 - Tomcat initialized with port(s): 8025 (http)
""2019-11-29 15:24:27 - Starting service [Tomcat]
""2019-11-29 15:24:27 - Starting Servlet Engine: Apache Tomcat/8.5.34
""2019-11-29 15:24:27 - The APR based Apache Tomcat Native library which allows optimal performance in production environments was not found on the java.library.path: [C:\Program Files\Java\jdk-13\bin;C:\WINDOWS\Sun\Java\bin;C:\WINDOWS\system32;C:\WINDOWS;C:\Program Files (x86)\Common Files\Oracle\Java\javapath;C:\WINDOWS\system32;C:\WINDOWS;C:\WINDOWS\System32\Wbem;C:\WINDOWS\System32\WindowsPowerShell\v1.0\;C:\WINDOWS\System32\OpenSSH\;C:\Program Files\nodejs\;C:\Users\y.kulpin\AppData\Local\Microsoft\WindowsApps;C:\Users\y.kulpin\AppData\Local\Programs\Git\cmd;C:\Users\y.kulpin\AppData\Local\JetBrains\WebStorm 2019.2.1\bin;C:\Users\y.kulpin\AppData\Local\JetBrains\IntelliJ IDEA 2019.2.1\bin;C:\Users\y.kulpin\AppData\Local\JetBrains\PhpStorm 2019.2.1\bin;C:\Users\y.kulpin\AppData\Local\GitHubDesktop\bin;C:\Users\y.kulpin\AppData\Local\JetBrains\PhpStorm 2019.2.2\bin;;P:\JetBrains\IntelliJ IDEA\bin;;.]
""2019-11-29 15:24:27 - Initializing Spring embedded WebApplicationContext
""2019-11-29 15:24:27 - Root WebApplicationContext: initialization completed in 1452 ms
""2019-11-29 15:24:27 - Servlet dispatcherServlet mapped to [/]
""2019-11-29 15:24:27 - Servlet webServlet mapped to [/h2/*]
""2019-11-29 15:24:27 - Mapping filter: 'characterEncodingFilter' to: [/*]
""2019-11-29 15:24:27 - Mapping filter: 'hiddenHttpMethodFilter' to: [/*]
""2019-11-29 15:24:27 - Mapping filter: 'httpPutFormContentFilter' to: [/*]
""2019-11-29 15:24:27 - Mapping filter: 'requestContextFilter' to: [/*]
""2019-11-29 15:24:27 - HikariPool-1 - Starting...
""2019-11-29 15:24:27 - HikariPool-1 - Start completed.
""2019-11-29 15:24:27 - Building JPA container EntityManagerFactory for persistence unit 'default'
""2019-11-29 15:24:27 - HHH000204: Processing PersistenceUnitInfo [
	name: default
	...]
""2019-11-29 15:24:27 - HHH000412: Hibernate Core {5.2.17.Final}
""2019-11-29 15:24:27 - HHH000206: hibernate.properties not found
""2019-11-29 15:24:27 - HCANN000001: Hibernate Commons Annotations {5.0.1.Final}
""2019-11-29 15:24:27 - HHH000400: Using dialect: org.hibernate.dialect.H2Dialect
""2019-11-29 15:24:28 - Initialized JPA EntityManagerFactory for persistence unit 'default'
""2019-11-29 15:24:28 - Mapped URL path [/**/favicon.ico] onto handler of type [class org.springframework.web.servlet.resource.ResourceHttpRequestHandler]
""2019-11-29 15:24:28 - Looking for @ControllerAdvice: org.springframework.boot.web.servlet.context.AnnotationConfigServletWebServerApplicationContext@7857fe2: startup date [Fri Nov 29 15:24:25 EET 2019]; root of context hierarchy
""2019-11-29 15:24:29 - spring.jpa.open-in-view is enabled by default. Therefore, database queries may be performed during view rendering. Explicitly configure spring.jpa.open-in-view to disable this warning
""2019-11-29 15:24:29 - Mapped "{[/email/delete],methods=[DELETE]}" onto public org.springframework.http.ResponseEntity<com.stollerukraine.email.domain.Email> com.stollerukraine.email.controller.EmailController.delete(long)
""2019-11-29 15:24:29 - Mapped "{[/email/sandedFrom],methods=[GET]}" onto public java.util.List<com.stollerukraine.email.domain.Email> com.stollerukraine.email.controller.EmailController.all(java.lang.String)
""2019-11-29 15:24:29 - Mapped "{[/email/addresses],methods=[GET]}" onto public java.util.List<java.lang.String> com.stollerukraine.email.controller.EmailController.addresses()
""2019-11-29 15:24:29 - Mapped "{[/email/sand],methods=[POST]}" onto public org.springframework.http.ResponseEntity<com.stollerukraine.email.domain.Email> com.stollerukraine.email.controller.EmailController.send(java.lang.String,java.lang.String,java.lang.String,java.lang.String)
""2019-11-29 15:24:29 - Mapped "{[/email/sandedTo],methods=[GET]}" onto public java.util.List<com.stollerukraine.email.domain.Email> com.stollerukraine.email.controller.EmailController.allTo(java.lang.String)
""2019-11-29 15:24:29 - Mapped "{[/email],methods=[GET]}" onto public java.lang.String com.stollerukraine.email.controller.MainController.main(org.springframework.ui.Model)
""2019-11-29 15:24:29 - Mapped "{[/error]}" onto public org.springframework.http.ResponseEntity<java.util.Map<java.lang.String, java.lang.Object>> org.springframework.boot.autoconfigure.web.servlet.error.BasicErrorController.error(javax.servlet.http.HttpServletRequest)
""2019-11-29 15:24:29 - Mapped "{[/error],produces=[text/html]}" onto public org.springframework.web.servlet.ModelAndView org.springframework.boot.autoconfigure.web.servlet.error.BasicErrorController.errorHtml(javax.servlet.http.HttpServletRequest,javax.servlet.http.HttpServletResponse)
""2019-11-29 15:24:29 - Mapped URL path [/webjars/**] onto handler of type [class org.springframework.web.servlet.resource.ResourceHttpRequestHandler]
""2019-11-29 15:24:29 - Mapped URL path [/**] onto handler of type [class org.springframework.web.servlet.resource.ResourceHttpRequestHandler]
""2019-11-29 15:24:29 - Adding welcome page template: index
""2019-11-29 15:24:29 - Registering beans for JMX exposure on startup
""2019-11-29 15:24:29 - Bean with name 'dataSource' has been autodetected for JMX exposure
""2019-11-29 15:24:29 - Located MBean 'dataSource': registering with JMX server as MBean [com.zaxxer.hikari:name=dataSource,type=HikariDataSource]
""2019-11-29 15:24:29 - Tomcat started on port(s): 8025 (http) with context path ''
""2019-11-29 15:24:29 - Started EmailApplication in 4.197 seconds (JVM running for 5.24)
""2019-11-29 15:24:40 - Initializing Spring FrameworkServlet 'dispatcherServlet'
""2019-11-29 15:24:40 - FrameworkServlet 'dispatcherServlet': initialization started
""2019-11-29 15:24:40 - FrameworkServlet 'dispatcherServlet': initialization completed in 21 ms
""2019-11-29 15:25:38 - /sanded
""2019-11-29 15:25:38 - ? from = y.kulpin@stollerukraine.com
""2019-11-29 15:25:38 - Searching emails from : y.kulpin@stollerukraine.com
""2019-11-29 15:25:38 - HHH000397: Using ASTQueryTranslatorFactory
""2019-11-29 15:25:39 - [Email(id=225, title=ads, content=sadf, sendingDate=2019-11-29 11:58:47.66, from=y.kulpin@stollerukraine.com, to=y.kulpin@stollerukraine.com, status=SANDED), Email(id=226, title=13, content=awedasdaga
sf
sdg
z\s
h
swhre`1, sendingDate=2019-11-29 11:59:12.561, from=y.kulpin@stollerukraine.com, to=y.kulpin@stollerukraine.com, status=SANDED), Email(id=227, title=asd, content=asd, sendingDate=2019-11-29 11:59:59.191, from=y.kulpin@stollerukraine.com, to=y.kulpin@stollerukraine.com, status=SANDED), Email(id=257, title=sadasd, content=asd
asd
asd
a
s
as
d
as
das
d
asd
a
ds
afa
sf
sa
ge
w
egwe
r
2
3r
w
rge
awh

ea
j
je5

a5j

q453u
q
q34
wt
r, sendingDate=2019-11-29 14:30:58.602, from=y.kulpin@stollerukraine.com, to=y.kulpin@stollerukraine.com, status=SANDED)]
""2019-11-29 15:25:39 - Searching emails from : y.kulpin@stollerukraine.com
"